<?xml version="1.0" encoding="UTF-8" ?>
<testsuite tests="8" failures="0" name="TestUnixTimeTest" time="4.158" errors="0" skipped="0">
  <properties>
[...]
</properties>
  <testcase classname="TestUnixTimeTest" name="testMallformattedInput" time="1.728"/>
  <testcase classname="TestUnixTimeTest" name="testEmptyInput" time="0.352"/>
  <testcase classname="TestUnixTimeTest" name="testNumberNegInput" time="0.232"/>
  <testcase classname="TestUnixTimeTest" name="testInputString" time="0.227"/>
  <testcase classname="TestUnixTimeTest" name="testNumberInput" time="0.771"/>
  <testcase classname="TestUnixTimeTest" name="testNumber0Input" time="0.314"/>
  <testcase classname="TestUnixTimeTest" name="testLargeInput" time="0.242"/>
  <testcase classname="TestUnixTimeTest" name="testNullInput" time="0.292"/>
</testsuite>